This is pdfTeX, Version 3.14159265-2.6-1.40.18 (MiKTeX 2.9.6350 64-bit) (preloaded format=pdflatex 2017.10.6)  15 DEC 2017 19:05
entering extended mode
**./WebSecurity.tex
(WebSecurity.tex
LaTeX2e <2017-04-15>
Babel <3.10> and hyphenation patterns for 75 language(s) loaded.
(C:\tmp\MiKTeX\tex\latex\base\article.cls
Document Class: article 2014/09/29 v1.4h Standard LaTeX document class
(C:\tmp\MiKTeX\tex\latex\base\size10.clo
File: size10.clo 2014/09/29 v1.4h Standard LaTeX file (size option)
)
\c@part=\count79
\c@section=\count80
\c@subsection=\count81
\c@subsubsection=\count82
\c@paragraph=\count83
\c@subparagraph=\count84
\c@figure=\count85
\c@table=\count86
\abovecaptionskip=\skip41
\belowcaptionskip=\skip42
\bibindent=\dimen102
)
(C:\tmp\MiKTeX\tex\latex\hyperref\hyperref.sty
Package: hyperref 2017/03/14 v6.85a Hypertext links for LaTeX

(C:\tmp\MiKTeX\tex\generic\oberdiek\hobsub-hyperref.sty
Package: hobsub-hyperref 2016/05/16 v1.14 Bundle oberdiek, subset hyperref (HO)


(C:\tmp\MiKTeX\tex\generic\oberdiek\hobsub-generic.sty
Package: hobsub-generic 2016/05/16 v1.14 Bundle oberdiek, subset generic (HO)
Package: hobsub 2016/05/16 v1.14 Construct package bundles (HO)
Package: infwarerr 2016/05/16 v1.4 Providing info/warning/error messages (HO)
Package: ltxcmds 2016/05/16 v1.23 LaTeX kernel commands for general use (HO)
Package: ifluatex 2016/05/16 v1.4 Provides the ifluatex switch (HO)
Package ifluatex Info: LuaTeX not detected.
Package: ifvtex 2016/05/16 v1.6 Detect VTeX and its facilities (HO)
Package ifvtex Info: VTeX not detected.
Package: intcalc 2016/05/16 v1.2 Expandable calculations with integers (HO)
Package: ifpdf 2017/03/15 v3.2 Provides the ifpdf switch
Package: etexcmds 2016/05/16 v1.6 Avoid name clashes with e-TeX commands (HO)
Package etexcmds Info: Could not find \expanded.
(etexcmds)             That can mean that you are not using pdfTeX 1.50 or
(etexcmds)             that some package has redefined \expanded.
(etexcmds)             In the latter case, load this package earlier.
Package: kvsetkeys 2016/05/16 v1.17 Key value parser (HO)
Package: kvdefinekeys 2016/05/16 v1.4 Define keys (HO)
Package: pdftexcmds 2017/03/19 v0.25 Utility functions of pdfTeX for LuaTeX (HO
)
Package pdftexcmds Info: LuaTeX not detected.
Package pdftexcmds Info: \pdf@primitive is available.
Package pdftexcmds Info: \pdf@ifprimitive is available.
Package pdftexcmds Info: \pdfdraftmode found.
Package: pdfescape 2016/05/16 v1.14 Implements pdfTeX's escape features (HO)
Package: bigintcalc 2016/05/16 v1.4 Expandable calculations on big integers (HO
)
Package: bitset 2016/05/16 v1.2 Handle bit-vector datatype (HO)
Package: uniquecounter 2016/05/16 v1.3 Provide unlimited unique counter (HO)
)
Package hobsub Info: Skipping package `hobsub' (already loaded).
Package: letltxmacro 2016/05/16 v1.5 Let assignment for LaTeX macros (HO)
Package: hopatch 2016/05/16 v1.3 Wrapper for package hooks (HO)
Package: xcolor-patch 2016/05/16 xcolor patch
Package: atveryend 2016/05/16 v1.9 Hooks at the very end of document (HO)
Package atveryend Info: \enddocument detected (standard20110627).
Package: atbegshi 2016/06/09 v1.18 At begin shipout hook (HO)
Package: refcount 2016/05/16 v3.5 Data extraction from label references (HO)
Package: hycolor 2016/05/16 v1.8 Color options for hyperref/bookmark (HO)
)
(C:\tmp\MiKTeX\tex\latex\graphics\keyval.sty
Package: keyval 2014/10/28 v1.15 key=value parser (DPC)
\KV@toks@=\toks14
)
(C:\tmp\MiKTeX\tex\generic\ifxetex\ifxetex.sty
Package: ifxetex 2010/09/12 v0.6 Provides ifxetex conditional
)
(C:\tmp\MiKTeX\tex\latex\oberdiek\auxhook.sty
Package: auxhook 2016/05/16 v1.4 Hooks for auxiliary files (HO)
)
(C:\tmp\MiKTeX\tex\latex\oberdiek\kvoptions.sty
Package: kvoptions 2016/05/16 v3.12 Key value format for package options (HO)
)
\@linkdim=\dimen103
\Hy@linkcounter=\count87
\Hy@pagecounter=\count88

(C:\tmp\MiKTeX\tex\latex\hyperref\pd1enc.def
File: pd1enc.def 2017/03/14 v6.85a Hyperref: PDFDocEncoding definition (HO)
)
\Hy@SavedSpaceFactor=\count89

(C:\tmp\MiKTeX\tex\latex\00miktex\hyperref.cfg
File: hyperref.cfg 2002/06/06 v1.2 hyperref configuration of TeXLive
)
Package hyperref Info: Hyper figures OFF on input line 4498.
Package hyperref Info: Link nesting OFF on input line 4503.
Package hyperref Info: Hyper index ON on input line 4506.
Package hyperref Info: Plain pages OFF on input line 4513.
Package hyperref Info: Backreferencing OFF on input line 4518.
Package hyperref Info: Implicit mode ON; LaTeX internals redefined.
Package hyperref Info: Bookmarks ON on input line 4751.
\c@Hy@tempcnt=\count90

(C:\tmp\MiKTeX\tex\latex\url\url.sty
\Urlmuskip=\muskip10
Package: url 2013/09/16  ver 3.4  Verb mode for urls, etc.
)
LaTeX Info: Redefining \url on input line 5104.
\XeTeXLinkMargin=\dimen104
\Fld@menulength=\count91
\Field@Width=\dimen105
\Fld@charsize=\dimen106
Package hyperref Info: Hyper figures OFF on input line 6358.
Package hyperref Info: Link nesting OFF on input line 6363.
Package hyperref Info: Hyper index ON on input line 6366.
Package hyperref Info: backreferencing OFF on input line 6373.
Package hyperref Info: Link coloring OFF on input line 6378.
Package hyperref Info: Link coloring with OCG OFF on input line 6383.
Package hyperref Info: PDF/A mode OFF on input line 6388.
LaTeX Info: Redefining \ref on input line 6428.
LaTeX Info: Redefining \pageref on input line 6432.
\Hy@abspage=\count92
\c@Item=\count93
\c@Hfootnote=\count94
)

Package hyperref Message: Driver (autodetected): hpdftex.

(C:\tmp\MiKTeX\tex\latex\hyperref\hpdftex.def
File: hpdftex.def 2017/03/14 v6.85a Hyperref driver for pdfTeX
\Fld@listcount=\count95
\c@bookmark@seq@number=\count96

(C:\tmp\MiKTeX\tex\latex\oberdiek\rerunfilecheck.sty
Package: rerunfilecheck 2016/05/16 v1.8 Rerun checks for auxiliary files (HO)
Package uniquecounter Info: New unique counter `rerunfilecheck' on input line 2
82.
)
\Hy@SectionHShift=\skip43
) (WebSecurity.aux)
\openout1 = `WebSecurity.aux'.

LaTeX Font Info:    Checking defaults for OML/cmm/m/it on input line 4.
LaTeX Font Info:    ... okay on input line 4.
LaTeX Font Info:    Checking defaults for T1/cmr/m/n on input line 4.
LaTeX Font Info:    ... okay on input line 4.
LaTeX Font Info:    Checking defaults for OT1/cmr/m/n on input line 4.
LaTeX Font Info:    ... okay on input line 4.
LaTeX Font Info:    Checking defaults for OMS/cmsy/m/n on input line 4.
LaTeX Font Info:    ... okay on input line 4.
LaTeX Font Info:    Checking defaults for OMX/cmex/m/n on input line 4.
LaTeX Font Info:    ... okay on input line 4.
LaTeX Font Info:    Checking defaults for U/cmr/m/n on input line 4.
LaTeX Font Info:    ... okay on input line 4.
LaTeX Font Info:    Checking defaults for PD1/pdf/m/n on input line 4.
LaTeX Font Info:    ... okay on input line 4.
\AtBeginShipoutBox=\box26
Package hyperref Info: Link coloring OFF on input line 4.

(C:\tmp\MiKTeX\tex\latex\hyperref\nameref.sty
Package: nameref 2016/05/21 v2.44 Cross-referencing by name of section

(C:\tmp\MiKTeX\tex\generic\oberdiek\gettitlestring.sty
Package: gettitlestring 2016/05/16 v1.5 Cleanup title references (HO)
)
\c@section@level=\count97
)
LaTeX Info: Redefining \ref on input line 4.
LaTeX Info: Redefining \pageref on input line 4.
LaTeX Info: Redefining \nameref on input line 4.
 (WebSecurity.out)
(WebSecurity.out)
\@outlinefile=\write3
\openout3 = `WebSecurity.out'.

 [1

{C:/Users/Kevin/AppData/Local/MiKTeX/2.9/pdftex/config/pdftex.map}] (WebSecurit
y.toc
LaTeX Font Info:    External font `cmex10' loaded for size
(Font)              <7> on input line 2.
LaTeX Font Info:    External font `cmex10' loaded for size
(Font)              <5> on input line 2.
pdfTeX warning (ext4): destination with the same identifier (name{page.1}) has 
been already used, duplicate ignored
<to be read again> 
                   \relax 
l.43 ... with untrusted data}}{24}{subsection.4.1}
                                                   [1])
\tf@toc=\write4
\openout4 = `WebSecurity.toc'.

 [2] [3] [4]
LaTeX Font Info:    Try loading font information for OMS+cmr on input line 83.

(C:\tmp\MiKTeX\tex\latex\base\omscmr.fd
File: omscmr.fd 2014/09/29 v2.5h Standard LaTeX font definitions
)
LaTeX Font Info:    Font shape `OMS/cmr/m/n' in size <10> not available
(Font)              Font shape `OMS/cmsy/m/n' tried instead on input line 83.

Underfull \hbox (badness 10000) in paragraph at lines 89--92

 []

[5] [6] [7] [8] [9] [10] [11] [12]
Underfull \hbox (badness 10000) in paragraph at lines 261--266

 []

[13]
Overfull \hbox (44.24687pt too wide) in paragraph at lines 272--273
[]$\OT1/cmtt/m/n/10 https : / / www . wired . com / 2016 / 04 / wired-[]launchi
ng-[]https-[]security-[]upgrade/$[] 
 []


Overfull \hbox (23.74706pt too wide) in paragraph at lines 272--273
[]$\OT1/cmtt/m/n/10 https : / / www . wired . com / 2016 / 05 / wired-[]first-[
]big-[]https-[]rollout-[]snag/$[] 
 []


Overfull \hbox (6.4972pt too wide) in paragraph at lines 273--274
[]$\OT1/cmtt/m/n/10 https : / / f5 . com / Portals / 1 / PDF / labs / R065 % 20
-[] % 20REPORT % 20-[] % 20The %
 []


Overfull \hbox (10.74715pt too wide) in paragraph at lines 274--275
[]$\OT1/cmtt/m/n/10 https : / / www . rijksoverheid . nl / binaries / rijksover
heid / documenten /
 []


Overfull \hbox (7.4972pt too wide) in paragraph at lines 274--275
\OT1/cmtt/m/n/10 rapporten / 2012 / 08 / 13 / black-[]tulip-[]update / black-[]
tulip-[]update . pdf$[] 
 []


Overfull \hbox (23.24706pt too wide) in paragraph at lines 275--276
[]$\OT1/cmtt/m/n/10 http : / / www . moserware . com / 2009 / 06 / first-[]few-
[]milliseconds-[]of-[]https .
 []


Overfull \hbox (239.99518pt too wide) in paragraph at lines 276--277
[]$\OT1/cmtt/m/n/10 https : / / www . facebook . com / notes / protect-[]the-[]
graph / introducing-[]our-[]certificate-[]transparency-[]monitoring-[]tool /
 []

[14] [15] [16] [17] [18] [19] [20] [21]
Underfull \hbox (badness 10000) in paragraph at lines 468--470

 []


Overfull \hbox (143.996pt too wide) in paragraph at lines 471--472
[]$\OT1/cmtt/m/n/10 http : / / www . informationisbeautiful . net / visualizati
ons / worlds-[]biggest-[]data-[]breaches-[]hacks/$[] 
 []


Overfull \hbox (112.99628pt too wide) in paragraph at lines 472--473
[]$\OT1/cmtt/m/n/10 https : / / blogs . dropbox . com / tech / 2016 / 09 / how-
[]dropbox-[]securely-[]stores-[]your-[]passwords/$[] 
 []

[22]
Overfull \hbox (59.99673pt too wide) in paragraph at lines 474--475
[]$\OT1/cmtt/m/n/10 https : / / www . yubico . com / 2017 / 01 / top-[]consider
ations-[]implementing-[]fido-[]u2f/$[] 
 []


Overfull \hbox (2.24724pt too wide) in paragraph at lines 475--476
[]$\OT1/cmtt/m/n/10 https : / / fidoalliance . org / specs / fido-[]security-[]
ref-[]ps-[]20150514 .
 []


Overfull \hbox (7.9972pt too wide) in paragraph at lines 478--479
[]$\OT1/cmtt/m/n/10 http : / / nordicapis . com / api-[]security-[]oauth-[]open
id-[]connect-[]depth/$[] 
 []

[23] [24] [25] [26] [27] [28]
Underfull \hbox (badness 10000) in paragraph at lines 634--637

 []

[29]
Overfull \hbox (272.9949pt too wide) in paragraph at lines 638--639
[]$\OT1/cmtt/m/n/10 https : / / www . denimgroup . com / resources / blog / 200
9 / 05 / command-[]injection-[]in-[]java-[]80-[]proven-[]that-[]it-[]is-[]100-[
]impossible/$[] 
 []


Overfull \hbox (5.4972pt too wide) in paragraph at lines 640--641
[]$\OT1/cmtt/m/n/10 https : / / www . nds . rub . de / media / emma / veroeffen
tlichungen / 2012 / 08 /
 []

[30]
Package atveryend Info: Empty hook `BeforeClearDocument' on input line 655.
 [31]
Package atveryend Info: Empty hook `AfterLastShipout' on input line 655.
 (WebSecurity.aux)
Package atveryend Info: Executing hook `AtVeryEndDocument' on input line 655.
Package atveryend Info: Executing hook `AtEndAfterFileList' on input line 655.
Package rerunfilecheck Info: File `WebSecurity.out' has not changed.
(rerunfilecheck)             Checksum: 2B08F144530D48A6735FF0816F465C2B;4466.
Package atveryend Info: Empty hook `AtVeryVeryEnd' on input line 655.
 ) 
Here is how much of TeX's memory you used:
 4458 strings out of 493323
 65655 string characters out of 3145126
 151658 words of memory out of 3000000
 7867 multiletter control sequences out of 15000+200000
 6576 words of font info for 24 fonts, out of 3000000 for 9000
 1141 hyphenation exceptions out of 8191
 28i,5n,28p,613b,439s stack positions out of 5000i,500n,10000p,200000b,50000s
<C:/tmp/MiKTeX/fonts/type1/public/amsfonts/cm/cmbx10.pfb><C:/tmp/MiKTeX/fonts
/type1/public/amsfonts/cm/cmbx12.pfb><C:/tmp/MiKTeX/fonts/type1/public/amsfonts
/cm/cmcsc10.pfb><C:/tmp/MiKTeX/fonts/type1/public/amsfonts/cm/cmmi10.pfb><C:/tm
p/MiKTeX/fonts/type1/public/amsfonts/cm/cmr10.pfb><C:/tmp/MiKTeX/fonts/type1/pu
blic/amsfonts/cm/cmr12.pfb><C:/tmp/MiKTeX/fonts/type1/public/amsfonts/cm/cmsy10
.pfb><C:/tmp/MiKTeX/fonts/type1/public/amsfonts/cm/cmti12.pfb><C:/tmp/MiKTeX/fo
nts/type1/public/amsfonts/cm/cmtt10.pfb>
Output written on WebSecurity.pdf (32 pages, 277036 bytes).
PDF statistics:
 702 PDF objects out of 1000 (max. 8388607)
 151 named destinations out of 1000 (max. 500000)
 457 words of extra memory for PDF output out of 10000 (max. 10000000)

