\BOOKMARK [1][-]{section.1}{Is security an illusion?}{}% 1
\BOOKMARK [2][-]{subsection.1.1}{Introduction}{section.1}% 2
\BOOKMARK [2][-]{subsection.1.2}{The terrifying state of affairs}{section.1}% 3
\BOOKMARK [2][-]{subsection.1.3}{Why everyone is a target}{section.1}% 4
\BOOKMARK [2][-]{subsection.1.4}{Approaching security from the ground up}{section.1}% 5
\BOOKMARK [2][-]{subsection.1.5}{Browser security concepts}{section.1}% 6
\BOOKMARK [2][-]{subsection.1.6}{Cookies}{section.1}% 7
\BOOKMARK [2][-]{subsection.1.7}{Towards client-centric security}{section.1}% 8
\BOOKMARK [2][-]{subsection.1.8}{Recap and conclusion}{section.1}% 9
\BOOKMARK [1][-]{section.2}{Securing the communication channel}{}% 10
\BOOKMARK [2][-]{subsection.2.1}{Towards secure communication}{section.2}% 11
\BOOKMARK [2][-]{subsection.2.2}{The dangers of an unprotected channel}{section.2}% 12
\BOOKMARK [2][-]{subsection.2.3}{The recent push for HTTPS}{section.2}% 13
\BOOKMARK [2][-]{subsection.2.4}{Security properties of HTTPS}{section.2}% 14
\BOOKMARK [2][-]{subsection.2.5}{Keys, certificates and ciphers}{section.2}% 15
\BOOKMARK [2][-]{subsection.2.6}{Common misconceptions about HTTPS}{section.2}% 16
\BOOKMARK [2][-]{subsection.2.7}{Perfect Forward Secrecy}{section.2}% 17
\BOOKMARK [2][-]{subsection.2.8}{Dealing with mixed content}{section.2}% 18
\BOOKMARK [2][-]{subsection.2.9}{Partial HTTPS deployments are not the answer}{section.2}% 19
\BOOKMARK [2][-]{subsection.2.10}{Redirecting HTTP to HTTPS}{section.2}% 20
\BOOKMARK [2][-]{subsection.2.11}{Enabling Strict Transport Security}{section.2}% 21
\BOOKMARK [2][-]{subsection.2.12}{Practial deployment scenarios}{section.2}% 22
\BOOKMARK [2][-]{subsection.2.13}{Analyzing the trust model behind HTTPS}{section.2}% 23
\BOOKMARK [2][-]{subsection.2.14}{The fragility of the certificate ecosystem}{section.2}% 24
\BOOKMARK [2][-]{subsection.2.15}{Certificate Transparency}{section.2}% 25
\BOOKMARK [2][-]{subsection.2.16}{Recap and conclusion}{section.2}% 26
\BOOKMARK [1][-]{section.3}{Preventing unauthorized access}{}% 27
\BOOKMARK [2][-]{subsection.3.1}{Access control in web applications}{section.3}% 28
\BOOKMARK [2][-]{subsection.3.2}{Introducing state into your application}{section.3}% 29
\BOOKMARK [2][-]{subsection.3.3}{The truth about passwords}{section.3}% 30
\BOOKMARK [2][-]{subsection.3.4}{Insecure password storage}{section.3}% 31
\BOOKMARK [2][-]{subsection.3.5}{Secure password storage}{section.3}% 32
\BOOKMARK [2][-]{subsection.3.6}{Preventing enumeration attacks}{section.3}% 33
\BOOKMARK [2][-]{subsection.3.7}{Beyond password-based authentication}{section.3}% 34
\BOOKMARK [2][-]{subsection.3.8}{Server-side session management}{section.3}% 35
\BOOKMARK [2][-]{subsection.3.9}{Securing session cookies}{section.3}% 36
\BOOKMARK [2][-]{subsection.3.10}{Alternative session management mechanisms}{section.3}% 37
\BOOKMARK [2][-]{subsection.3.11}{Authorization throughout your application}{section.3}% 38
\BOOKMARK [2][-]{subsection.3.12}{Intentional and unintentional requests}{section.3}% 39
\BOOKMARK [2][-]{subsection.3.13}{Direct access to objects}{section.3}% 40
\BOOKMARK [2][-]{subsection.3.14}{Recap and conclusion}{section.3}% 41
\BOOKMARK [1][-]{section.4}{Securely handling untrusted data}{}% 42
\BOOKMARK [2][-]{subsection.4.1}{The problem with untrusted data}{section.4}% 43
\BOOKMARK [2][-]{subsection.4.2}{The root cause of injection attacks}{section.4}% 44
\BOOKMARK [2][-]{subsection.4.3}{A decade of mitigating injection vulnerabilities}{section.4}% 45
\BOOKMARK [2][-]{subsection.4.4}{Command injection vulnerabilities}{section.4}% 46
\BOOKMARK [2][-]{subsection.4.5}{Preventing command injection}{section.4}% 47
\BOOKMARK [2][-]{subsection.4.6}{SQL injection}{section.4}% 48
\BOOKMARK [2][-]{subsection.4.7}{Preventing SQL injection}{section.4}% 49
\BOOKMARK [2][-]{subsection.4.8}{Traditional XSS attacks}{section.4}% 50
\BOOKMARK [2][-]{subsection.4.9}{Common defenses against XSS attacks}{section.4}% 51
\BOOKMARK [2][-]{subsection.4.10}{DOM-based XSS attacks}{section.4}% 52
\BOOKMARK [2][-]{subsection.4.11}{Alternative injection attack vectors}{section.4}% 53
\BOOKMARK [2][-]{subsection.4.12}{HTML5 Sandboxing}{section.4}% 54
\BOOKMARK [2][-]{subsection.4.13}{Content Security Policy}{section.4}% 55
\BOOKMARK [2][-]{subsection.4.14}{Recap and conclusion}{section.4}% 56
\BOOKMARK [1][-]{section.5}{Conclusion}{}% 57
